[35m[1mScanning dependencies of target std_msgs_generate_messages_py[0m
[35m[1mScanning dependencies of target std_msgs_generate_messages_eus[0m
[35m[1mScanning dependencies of target std_msgs_generate_messages_cpp[0m
[35m[1mScanning dependencies of target std_msgs_generate_messages_nodejs[0m
[35m[1mScanning dependencies of target std_msgs_generate_messages_lisp[0m
[  0%] Built target std_msgs_generate_messages_eus
[  0%] Built target std_msgs_generate_messages_py
[  0%] Built target std_msgs_generate_messages_lisp
[  0%] Built target std_msgs_generate_messages_nodejs
[  0%] Built target std_msgs_generate_messages_cpp
[ 66%] Built target subscriber
[35m[1mScanning dependencies of target turtles_generate_messages_lisp[0m
[35m[1mScanning dependencies of target turtles_generate_messages_py[0m
[35m[1mScanning dependencies of target turtles_generate_messages_eus[0m
[35m[1mScanning dependencies of target turtles_generate_messages_nodejs[0m
[35m[1mScanning dependencies of target turtles_generate_messages_cpp[0m
[ 66%] Built target turtles_generate_messages_lisp
[ 66%] Built target turtles_generate_messages_py
[ 66%] Built target turtles_generate_messages_nodejs
[100%] [34m[1mGenerating EusLisp manifest code for turtles[0m
[100%] Built target turtles_generate_messages_cpp
[100%] Built target turtles_generate_messages_eus
[35m[1mScanning dependencies of target turtles_generate_messages[0m
[100%] Built target turtles_generate_messages
