[35m[1mScanning dependencies of target _turtles_generate_messages_check_deps_Turtle[0m
[35m[1mScanning dependencies of target subscriber[0m
[  0%] Built target std_msgs_generate_messages_lisp
[  0%] Built target std_msgs_generate_messages_cpp
[  0%] Built target std_msgs_generate_messages_py
[  0%] Built target std_msgs_generate_messages_eus
[  0%] Built target std_msgs_generate_messages_nodejs
[ 11%] [32mBuilding CXX object CMakeFiles/subscriber.dir/src/subscriber.cpp.o[0m
[ 11%] Built target _turtles_generate_messages_check_deps_Turtle
[ 22%] [34m[1mGenerating EusLisp code from turtles/Turtle.msg[0m
[ 33%] [34m[1mGenerating Lisp code from turtles/Turtle.msg[0m
[ 44%] [34m[1mGenerating Python from MSG turtles/Turtle[0m
[ 55%] [34m[1mGenerating C++ code from turtles/Turtle.msg[0m
[ 66%] [34m[1mGenerating Javascript code from turtles/Turtle.msg[0m
[ 66%] Built target turtles_generate_messages_lisp
[ 66%] Built target turtles_generate_messages_nodejs
[ 77%] Built target turtles_generate_messages_eus
[ 88%] [34m[1mGenerating Python msg __init__.py for turtles[0m
[ 88%] Built target turtles_generate_messages_cpp
[ 88%] Built target turtles_generate_messages_py
[ 88%] Built target turtles_generate_messages
[100%] [32m[1mLinking CXX executable /home/daniel/repos/infinite-turtles/devel/.private/turtles/lib/turtles/subscriber[0m
[100%] Built target subscriber
