[36m--[0m Using CATKIN_DEVEL_PREFIX: /home/daniel/repos/infinite-turtles/devel/.private/turtles
[36m--[0m Using CMAKE_PREFIX_PATH: /home/daniel/repos/infinite-turtles/devel;/opt/ros/melodic
[36m--[0m This workspace overlays: /home/daniel/repos/infinite-turtles/devel;/opt/ros/melodic
[36m--[0m Found PythonInterp: /usr/bin/python2 (found suitable version "2.7.15", minimum required is "2")
[36m--[0m Using PYTHON_EXECUTABLE: /usr/bin/python2
[36m--[0m Using Debian Python package layout
[36m--[0m Using empy: /usr/bin/empy
[36m--[0m Using CATKIN_ENABLE_TESTING: ON
[36m--[0m Call enable_testing()
[36m--[0m Using CATKIN_TEST_RESULTS_DIR: /home/daniel/repos/infinite-turtles/build/turtles/test_results
[36m--[0m Found gmock sources under '/usr/src/googletest': gmock will be built
[36m--[0m Found PythonInterp: /usr/bin/python2 (found version "2.7.15")
[36m--[0m Found gtest sources under '/usr/src/googletest': gtests will be built
[36m--[0m Using Python nosetests: /usr/bin/nosetests-2.7
[36m--[0m catkin 0.7.17
[36m--[0m BUILD_SHARED_LIBS is on
[36m--[0m Using these message generators: gencpp;geneus;genlisp;gennodejs;genpy
[31m[1mCMake Error[0m at /opt/ros/melodic/share/genmsg/cmake/genmsg-extras.cmake:94 (message):
  add_message_files() directory not found:
  /home/daniel/repos/infinite-turtles/src/turtles/msg
[36mCall Stack (most recent call first):[0m
  CMakeLists.txt:52 (add_message_files)


[36m--[0m Configuring incomplete, errors occurred!
See also "/home/daniel/repos/infinite-turtles/build/turtles/CMakeFiles/CMakeOutput.log".
See also "/home/daniel/repos/infinite-turtles/build/turtles/CMakeFiles/CMakeError.log".
Makefile:574: recipe for target 'cmake_check_build_system' failed
make: *** [cmake_check_build_system] Error 1
